Juni 11, 2022 6:14:03 PM de.gurkenlabs.litiengine.environment.tilemap.xml.TmxMap checkVersion
WARNUNG: Tiled version 1.8.4 of map "1234" is greater than the supported version 1.2.x. Some features may not work.
Juni 11, 2022 6:14:03 PM de.gurkenlabs.litiengine.environment.tilemap.xml.TmxMap checkVersion
WARNUNG: Tiled version 1.8.4 of map "Bibliothek" is greater than the supported version 1.2.x. Some features may not work.
Juni 11, 2022 6:14:03 PM de.gurkenlabs.litiengine.environment.tilemap.xml.TmxMap checkVersion
WARNUNG: Tiled version 1.8.4 of map "hi" is greater than the supported version 1.2.x. Some features may not work.
Juni 11, 2022 6:14:03 PM de.gurkenlabs.litiengine.environment.tilemap.xml.TmxMap checkVersion
WARNUNG: Tiled version 1.8.4 of map "slimeroom" is greater than the supported version 1.2.x. Some features may not work.
Juni 13, 2022 12:14:57 PM de.gurkenlabs.litiengine.environment.tilemap.xml.TmxMap checkVersion
WARNUNG: Tiled version 1.8.4 of map "123" is greater than the supported version 1.2.x. Some features may not work.
Juni 13, 2022 12:14:57 PM de.gurkenlabs.litiengine.environment.tilemap.xml.TmxMap checkVersion
WARNUNG: Tiled version 1.8.4 of map "1234" is greater than the supported version 1.2.x. Some features may not work.
Juni 13, 2022 12:14:57 PM de.gurkenlabs.litiengine.environment.tilemap.xml.TmxMap checkVersion
WARNUNG: Tiled version 1.8.4 of map "Bibliothek" is greater than the supported version 1.2.x. Some features may not work.
Juni 13, 2022 12:14:57 PM de.gurkenlabs.litiengine.environment.tilemap.xml.TmxMap checkVersion
WARNUNG: Tiled version 1.8.4 of map "hi" is greater than the supported version 1.2.x. Some features may not work.
Juni 13, 2022 12:14:57 PM de.gurkenlabs.litiengine.environment.tilemap.xml.TmxMap checkVersion
WARNUNG: Tiled version 1.8.4 of map "slimeroom" is greater than the supported version 1.2.x. Some features may not work.
Juni 13, 2022 12:16:18 PM de.gurkenlabs.litiengine.environment.tilemap.xml.TmxMap checkVersion
WARNUNG: Tiled version 1.8.4 of map "123" is greater than the supported version 1.2.x. Some features may not work.
Juni 13, 2022 12:16:18 PM de.gurkenlabs.litiengine.environment.tilemap.xml.TmxMap checkVersion
WARNUNG: Tiled version 1.8.4 of map "1234" is greater than the supported version 1.2.x. Some features may not work.
Juni 13, 2022 12:16:18 PM de.gurkenlabs.litiengine.environment.tilemap.xml.TmxMap checkVersion
WARNUNG: Tiled version 1.8.4 of map "Bibliothek" is greater than the supported version 1.2.x. Some features may not work.
Juni 13, 2022 12:16:18 PM de.gurkenlabs.litiengine.environment.tilemap.xml.TmxMap checkVersion
WARNUNG: Tiled version 1.8.4 of map "hi" is greater than the supported version 1.2.x. Some features may not work.
Juni 13, 2022 12:16:18 PM de.gurkenlabs.litiengine.environment.tilemap.xml.TmxMap checkVersion
WARNUNG: Tiled version 1.8.4 of map "slimeroom" is greater than the supported version 1.2.x. Some features may not work.
Juni 13, 2022 12:17:17 PM de.gurkenlabs.litiengine.environment.tilemap.xml.TmxMap checkVersion
WARNUNG: Tiled version 1.8.4 of map "123" is greater than the supported version 1.2.x. Some features may not work.
Juni 13, 2022 12:17:18 PM de.gurkenlabs.litiengine.environment.tilemap.xml.TmxMap checkVersion
WARNUNG: Tiled version 1.8.4 of map "1234" is greater than the supported version 1.2.x. Some features may not work.
Juni 13, 2022 12:17:18 PM de.gurkenlabs.litiengine.environment.tilemap.xml.TmxMap checkVersion
WARNUNG: Tiled version 1.8.4 of map "Bibliothek" is greater than the supported version 1.2.x. Some features may not work.
Juni 13, 2022 12:17:18 PM de.gurkenlabs.litiengine.environment.tilemap.xml.TmxMap checkVersion
WARNUNG: Tiled version 1.8.4 of map "hi" is greater than the supported version 1.2.x. Some features may not work.
Juni 13, 2022 12:17:18 PM de.gurkenlabs.litiengine.environment.tilemap.xml.TmxMap checkVersion
WARNUNG: Tiled version 1.8.4 of map "slimeroom" is greater than the supported version 1.2.x. Some features may not work.
Juni 13, 2022 12:19:39 PM de.gurkenlabs.litiengine.environment.tilemap.xml.TmxMap checkVersion
WARNUNG: Tiled version 1.8.4 of map "123" is greater than the supported version 1.2.x. Some features may not work.
Juni 13, 2022 12:19:39 PM de.gurkenlabs.litiengine.environment.tilemap.xml.TmxMap checkVersion
WARNUNG: Tiled version 1.8.4 of map "1234" is greater than the supported version 1.2.x. Some features may not work.
Juni 13, 2022 12:19:39 PM de.gurkenlabs.litiengine.environment.tilemap.xml.TmxMap checkVersion
WARNUNG: Tiled version 1.8.4 of map "Bibliothek" is greater than the supported version 1.2.x. Some features may not work.
Juni 13, 2022 12:19:39 PM de.gurkenlabs.litiengine.environment.tilemap.xml.TmxMap checkVersion
WARNUNG: Tiled version 1.8.4 of map "hi" is greater than the supported version 1.2.x. Some features may not work.
Juni 13, 2022 12:19:39 PM de.gurkenlabs.litiengine.environment.tilemap.xml.TmxMap checkVersion
WARNUNG: Tiled version 1.8.4 of map "slimeroom" is greater than the supported version 1.2.x. Some features may not work.
Juni 13, 2022 12:20:24 PM de.gurkenlabs.litiengine.environment.tilemap.xml.TmxMap checkVersion
WARNUNG: Tiled version 1.8.4 of map "123" is greater than the supported version 1.2.x. Some features may not work.
Juni 13, 2022 12:20:24 PM de.gurkenlabs.litiengine.environment.tilemap.xml.TmxMap checkVersion
WARNUNG: Tiled version 1.8.4 of map "1234" is greater than the supported version 1.2.x. Some features may not work.
Juni 13, 2022 12:20:24 PM de.gurkenlabs.litiengine.environment.tilemap.xml.TmxMap checkVersion
WARNUNG: Tiled version 1.8.4 of map "Bibliothek" is greater than the supported version 1.2.x. Some features may not work.
Juni 13, 2022 12:20:24 PM de.gurkenlabs.litiengine.environment.tilemap.xml.TmxMap checkVersion
WARNUNG: Tiled version 1.8.4 of map "hi" is greater than the supported version 1.2.x. Some features may not work.
Juni 13, 2022 12:20:24 PM de.gurkenlabs.litiengine.environment.tilemap.xml.TmxMap checkVersion
WARNUNG: Tiled version 1.8.4 of map "slimeroom" is greater than the supported version 1.2.x. Some features may not work.
Juni 13, 2022 12:20:52 PM de.gurkenlabs.litiengine.environment.tilemap.xml.TmxMap checkVersion
WARNUNG: Tiled version 1.8.4 of map "123" is greater than the supported version 1.2.x. Some features may not work.
Juni 13, 2022 12:20:52 PM de.gurkenlabs.litiengine.environment.tilemap.xml.TmxMap checkVersion
WARNUNG: Tiled version 1.8.4 of map "1234" is greater than the supported version 1.2.x. Some features may not work.
Juni 13, 2022 12:20:52 PM de.gurkenlabs.litiengine.environment.tilemap.xml.TmxMap checkVersion
WARNUNG: Tiled version 1.8.4 of map "Bibliothek" is greater than the supported version 1.2.x. Some features may not work.
Juni 13, 2022 12:20:52 PM de.gurkenlabs.litiengine.environment.tilemap.xml.TmxMap checkVersion
WARNUNG: Tiled version 1.8.4 of map "hi" is greater than the supported version 1.2.x. Some features may not work.
Juni 13, 2022 12:20:52 PM de.gurkenlabs.litiengine.environment.tilemap.xml.TmxMap checkVersion
WARNUNG: Tiled version 1.8.4 of map "slimeroom" is greater than the supported version 1.2.x. Some features may not work.
Juni 13, 2022 12:22:10 PM de.gurkenlabs.litiengine.environment.tilemap.xml.TmxMap checkVersion
WARNUNG: Tiled version 1.8.4 of map "123" is greater than the supported version 1.2.x. Some features may not work.
Juni 13, 2022 12:22:10 PM de.gurkenlabs.litiengine.environment.tilemap.xml.TmxMap checkVersion
WARNUNG: Tiled version 1.8.4 of map "1234" is greater than the supported version 1.2.x. Some features may not work.
Juni 13, 2022 12:22:10 PM de.gurkenlabs.litiengine.environment.tilemap.xml.TmxMap checkVersion
WARNUNG: Tiled version 1.8.4 of map "Bibliothek" is greater than the supported version 1.2.x. Some features may not work.
Juni 13, 2022 12:22:10 PM de.gurkenlabs.litiengine.environment.tilemap.xml.TmxMap checkVersion
WARNUNG: Tiled version 1.8.4 of map "hi" is greater than the supported version 1.2.x. Some features may not work.
Juni 13, 2022 12:22:10 PM de.gurkenlabs.litiengine.environment.tilemap.xml.TmxMap checkVersion
WARNUNG: Tiled version 1.8.4 of map "slimeroom" is greater than the supported version 1.2.x. Some features may not work.
Juni 13, 2022 12:23:29 PM de.gurkenlabs.litiengine.environment.tilemap.xml.TmxMap checkVersion
WARNUNG: Tiled version 1.8.4 of map "123" is greater than the supported version 1.2.x. Some features may not work.
Juni 13, 2022 12:23:29 PM de.gurkenlabs.litiengine.environment.tilemap.xml.TmxMap checkVersion
WARNUNG: Tiled version 1.8.4 of map "1234" is greater than the supported version 1.2.x. Some features may not work.
Juni 13, 2022 12:23:29 PM de.gurkenlabs.litiengine.environment.tilemap.xml.TmxMap checkVersion
WARNUNG: Tiled version 1.8.4 of map "Bibliothek" is greater than the supported version 1.2.x. Some features may not work.
Juni 13, 2022 12:23:29 PM de.gurkenlabs.litiengine.environment.tilemap.xml.TmxMap checkVersion
WARNUNG: Tiled version 1.8.4 of map "hi" is greater than the supported version 1.2.x. Some features may not work.
Juni 13, 2022 12:23:29 PM de.gurkenlabs.litiengine.environment.tilemap.xml.TmxMap checkVersion
WARNUNG: Tiled version 1.8.4 of map "slimeroom" is greater than the supported version 1.2.x. Some features may not work.
Juni 13, 2022 12:32:58 PM de.gurkenlabs.litiengine.environment.tilemap.xml.TmxMap checkVersion
WARNUNG: Tiled version 1.8.4 of map "123" is greater than the supported version 1.2.x. Some features may not work.
Juni 13, 2022 12:32:58 PM de.gurkenlabs.litiengine.environment.tilemap.xml.TmxMap checkVersion
WARNUNG: Tiled version 1.8.4 of map "1234" is greater than the supported version 1.2.x. Some features may not work.
Juni 13, 2022 12:32:58 PM de.gurkenlabs.litiengine.environment.tilemap.xml.TmxMap checkVersion
WARNUNG: Tiled version 1.8.4 of map "Bibliothek" is greater than the supported version 1.2.x. Some features may not work.
Juni 13, 2022 12:32:58 PM de.gurkenlabs.litiengine.environment.tilemap.xml.TmxMap checkVersion
WARNUNG: Tiled version 1.8.4 of map "hi" is greater than the supported version 1.2.x. Some features may not work.
Juni 13, 2022 12:32:58 PM de.gurkenlabs.litiengine.environment.tilemap.xml.TmxMap checkVersion
WARNUNG: Tiled version 1.8.4 of map "slimeroom" is greater than the supported version 1.2.x. Some features may not work.
Juni 13, 2022 12:34:10 PM de.gurkenlabs.litiengine.environment.tilemap.xml.TmxMap checkVersion
WARNUNG: Tiled version 1.8.4 of map "123" is greater than the supported version 1.2.x. Some features may not work.
Juni 13, 2022 12:34:10 PM de.gurkenlabs.litiengine.environment.tilemap.xml.TmxMap checkVersion
WARNUNG: Tiled version 1.8.4 of map "1234" is greater than the supported version 1.2.x. Some features may not work.
Juni 13, 2022 12:34:10 PM de.gurkenlabs.litiengine.environment.tilemap.xml.TmxMap checkVersion
WARNUNG: Tiled version 1.8.4 of map "Bibliothek" is greater than the supported version 1.2.x. Some features may not work.
Juni 13, 2022 12:34:10 PM de.gurkenlabs.litiengine.environment.tilemap.xml.TmxMap checkVersion
WARNUNG: Tiled version 1.8.4 of map "hi" is greater than the supported version 1.2.x. Some features may not work.
Juni 13, 2022 12:34:10 PM de.gurkenlabs.litiengine.environment.tilemap.xml.TmxMap checkVersion
WARNUNG: Tiled version 1.8.4 of map "slimeroom" is greater than the supported version 1.2.x. Some features may not work.
Juni 13, 2022 12:45:28 PM de.gurkenlabs.litiengine.environment.tilemap.xml.TmxMap checkVersion
WARNUNG: Tiled version 1.8.4 of map "123" is greater than the supported version 1.2.x. Some features may not work.
Juni 13, 2022 12:45:28 PM de.gurkenlabs.litiengine.environment.tilemap.xml.TmxMap checkVersion
WARNUNG: Tiled version 1.8.4 of map "1234" is greater than the supported version 1.2.x. Some features may not work.
Juni 13, 2022 12:45:28 PM de.gurkenlabs.litiengine.environment.tilemap.xml.TmxMap checkVersion
WARNUNG: Tiled version 1.8.4 of map "Bibliothek" is greater than the supported version 1.2.x. Some features may not work.
Juni 13, 2022 12:45:28 PM de.gurkenlabs.litiengine.environment.tilemap.xml.TmxMap checkVersion
WARNUNG: Tiled version 1.8.4 of map "hi" is greater than the supported version 1.2.x. Some features may not work.
Juni 13, 2022 12:45:28 PM de.gurkenlabs.litiengine.environment.tilemap.xml.TmxMap checkVersion
WARNUNG: Tiled version 1.8.4 of map "slimeroom" is greater than the supported version 1.2.x. Some features may not work.
Juni 13, 2022 12:48:21 PM de.gurkenlabs.litiengine.environment.tilemap.xml.TmxMap checkVersion
WARNUNG: Tiled version 1.8.4 of map "123" is greater than the supported version 1.2.x. Some features may not work.
Juni 13, 2022 12:48:21 PM de.gurkenlabs.litiengine.environment.tilemap.xml.TmxMap checkVersion
WARNUNG: Tiled version 1.8.4 of map "1234" is greater than the supported version 1.2.x. Some features may not work.
Juni 13, 2022 12:48:21 PM de.gurkenlabs.litiengine.environment.tilemap.xml.TmxMap checkVersion
WARNUNG: Tiled version 1.8.4 of map "Bibliothek" is greater than the supported version 1.2.x. Some features may not work.
Juni 13, 2022 12:48:21 PM de.gurkenlabs.litiengine.environment.tilemap.xml.TmxMap checkVersion
WARNUNG: Tiled version 1.8.4 of map "hi" is greater than the supported version 1.2.x. Some features may not work.
Juni 13, 2022 12:48:21 PM de.gurkenlabs.litiengine.environment.tilemap.xml.TmxMap checkVersion
WARNUNG: Tiled version 1.8.4 of map "slimeroom" is greater than the supported version 1.2.x. Some features may not work.
Juni 13, 2022 12:49:49 PM de.gurkenlabs.litiengine.environment.tilemap.xml.TmxMap checkVersion
WARNUNG: Tiled version 1.8.4 of map "123" is greater than the supported version 1.2.x. Some features may not work.
Juni 13, 2022 12:49:49 PM de.gurkenlabs.litiengine.environment.tilemap.xml.TmxMap checkVersion
WARNUNG: Tiled version 1.8.4 of map "1234" is greater than the supported version 1.2.x. Some features may not work.
Juni 13, 2022 12:49:49 PM de.gurkenlabs.litiengine.environment.tilemap.xml.TmxMap checkVersion
WARNUNG: Tiled version 1.8.4 of map "Bibliothek" is greater than the supported version 1.2.x. Some features may not work.
Juni 13, 2022 12:49:49 PM de.gurkenlabs.litiengine.environment.tilemap.xml.TmxMap checkVersion
WARNUNG: Tiled version 1.8.4 of map "hi" is greater than the supported version 1.2.x. Some features may not work.
Juni 13, 2022 12:49:49 PM de.gurkenlabs.litiengine.environment.tilemap.xml.TmxMap checkVersion
WARNUNG: Tiled version 1.8.4 of map "slimeroom" is greater than the supported version 1.2.x. Some features may not work.
Juni 13, 2022 12:51:47 PM de.gurkenlabs.litiengine.environment.tilemap.xml.TmxMap checkVersion
WARNUNG: Tiled version 1.8.4 of map "123" is greater than the supported version 1.2.x. Some features may not work.
Juni 13, 2022 12:51:47 PM de.gurkenlabs.litiengine.environment.tilemap.xml.TmxMap checkVersion
WARNUNG: Tiled version 1.8.4 of map "1234" is greater than the supported version 1.2.x. Some features may not work.
Juni 13, 2022 12:51:47 PM de.gurkenlabs.litiengine.environment.tilemap.xml.TmxMap checkVersion
WARNUNG: Tiled version 1.8.4 of map "Bibliothek" is greater than the supported version 1.2.x. Some features may not work.
Juni 13, 2022 12:51:47 PM de.gurkenlabs.litiengine.environment.tilemap.xml.TmxMap checkVersion
WARNUNG: Tiled version 1.8.4 of map "hi" is greater than the supported version 1.2.x. Some features may not work.
Juni 13, 2022 12:51:47 PM de.gurkenlabs.litiengine.environment.tilemap.xml.TmxMap checkVersion
WARNUNG: Tiled version 1.8.4 of map "slimeroom" is greater than the supported version 1.2.x. Some features may not work.
Juni 13, 2022 12:55:35 PM de.gurkenlabs.litiengine.environment.tilemap.xml.TmxMap checkVersion
WARNUNG: Tiled version 1.8.4 of map "123" is greater than the supported version 1.2.x. Some features may not work.
Juni 13, 2022 12:55:35 PM de.gurkenlabs.litiengine.environment.tilemap.xml.TmxMap checkVersion
WARNUNG: Tiled version 1.8.4 of map "1234" is greater than the supported version 1.2.x. Some features may not work.
Juni 13, 2022 12:55:35 PM de.gurkenlabs.litiengine.environment.tilemap.xml.TmxMap checkVersion
WARNUNG: Tiled version 1.8.4 of map "Bibliothek" is greater than the supported version 1.2.x. Some features may not work.
Juni 13, 2022 12:55:35 PM de.gurkenlabs.litiengine.environment.tilemap.xml.TmxMap checkVersion
WARNUNG: Tiled version 1.8.4 of map "hi" is greater than the supported version 1.2.x. Some features may not work.
Juni 13, 2022 12:55:35 PM de.gurkenlabs.litiengine.environment.tilemap.xml.TmxMap checkVersion
WARNUNG: Tiled version 1.8.4 of map "slimeroom" is greater than the supported version 1.2.x. Some features may not work.
Juni 13, 2022 12:58:28 PM de.gurkenlabs.litiengine.environment.tilemap.xml.TmxMap checkVersion
WARNUNG: Tiled version 1.8.4 of map "123" is greater than the supported version 1.2.x. Some features may not work.
Juni 13, 2022 12:58:28 PM de.gurkenlabs.litiengine.environment.tilemap.xml.TmxMap checkVersion
WARNUNG: Tiled version 1.8.4 of map "1234" is greater than the supported version 1.2.x. Some features may not work.
Juni 13, 2022 12:58:28 PM de.gurkenlabs.litiengine.environment.tilemap.xml.TmxMap checkVersion
WARNUNG: Tiled version 1.8.4 of map "Bibliothek" is greater than the supported version 1.2.x. Some features may not work.
Juni 13, 2022 12:58:28 PM de.gurkenlabs.litiengine.environment.tilemap.xml.TmxMap checkVersion
WARNUNG: Tiled version 1.8.4 of map "hi" is greater than the supported version 1.2.x. Some features may not work.
Juni 13, 2022 12:58:28 PM de.gurkenlabs.litiengine.environment.tilemap.xml.TmxMap checkVersion
WARNUNG: Tiled version 1.8.4 of map "slimeroom" is greater than the supported version 1.2.x. Some features may not work.
Juni 13, 2022 1:05:28 PM de.gurkenlabs.litiengine.environment.tilemap.xml.TmxMap checkVersion
WARNUNG: Tiled version 1.8.4 of map "123" is greater than the supported version 1.2.x. Some features may not work.
Juni 13, 2022 1:05:28 PM de.gurkenlabs.litiengine.environment.tilemap.xml.TmxMap checkVersion
WARNUNG: Tiled version 1.8.4 of map "1234" is greater than the supported version 1.2.x. Some features may not work.
Juni 13, 2022 1:05:28 PM de.gurkenlabs.litiengine.environment.tilemap.xml.TmxMap checkVersion
WARNUNG: Tiled version 1.8.4 of map "Bibliothek" is greater than the supported version 1.2.x. Some features may not work.
Juni 13, 2022 1:05:28 PM de.gurkenlabs.litiengine.environment.tilemap.xml.TmxMap checkVersion
WARNUNG: Tiled version 1.8.4 of map "hi" is greater than the supported version 1.2.x. Some features may not work.
Juni 13, 2022 1:05:28 PM de.gurkenlabs.litiengine.environment.tilemap.xml.TmxMap checkVersion
WARNUNG: Tiled version 1.8.4 of map "slimeroom" is greater than the supported version 1.2.x. Some features may not work.
Juni 13, 2022 1:06:46 PM de.gurkenlabs.litiengine.environment.tilemap.xml.TmxMap checkVersion
WARNUNG: Tiled version 1.8.4 of map "123" is greater than the supported version 1.2.x. Some features may not work.
Juni 13, 2022 1:06:46 PM de.gurkenlabs.litiengine.environment.tilemap.xml.TmxMap checkVersion
WARNUNG: Tiled version 1.8.4 of map "1234" is greater than the supported version 1.2.x. Some features may not work.
Juni 13, 2022 1:06:46 PM de.gurkenlabs.litiengine.environment.tilemap.xml.TmxMap checkVersion
WARNUNG: Tiled version 1.8.4 of map "Bibliothek" is greater than the supported version 1.2.x. Some features may not work.
Juni 13, 2022 1:06:46 PM de.gurkenlabs.litiengine.environment.tilemap.xml.TmxMap checkVersion
WARNUNG: Tiled version 1.8.4 of map "hi" is greater than the supported version 1.2.x. Some features may not work.
Juni 13, 2022 1:06:46 PM de.gurkenlabs.litiengine.environment.tilemap.xml.TmxMap checkVersion
WARNUNG: Tiled version 1.8.4 of map "slimeroom" is greater than the supported version 1.2.x. Some features may not work.
Juni 13, 2022 1:22:13 PM de.gurkenlabs.litiengine.environment.tilemap.xml.TmxMap checkVersion
WARNUNG: Tiled version 1.8.4 of map "123" is greater than the supported version 1.2.x. Some features may not work.
Juni 13, 2022 1:22:13 PM de.gurkenlabs.litiengine.environment.tilemap.xml.TmxMap checkVersion
WARNUNG: Tiled version 1.8.4 of map "1234" is greater than the supported version 1.2.x. Some features may not work.
Juni 13, 2022 1:22:13 PM de.gurkenlabs.litiengine.environment.tilemap.xml.TmxMap checkVersion
WARNUNG: Tiled version 1.8.4 of map "Bibliothek" is greater than the supported version 1.2.x. Some features may not work.
Juni 13, 2022 1:22:13 PM de.gurkenlabs.litiengine.environment.tilemap.xml.TmxMap checkVersion
WARNUNG: Tiled version 1.8.4 of map "hi" is greater than the supported version 1.2.x. Some features may not work.
Juni 13, 2022 1:22:13 PM de.gurkenlabs.litiengine.environment.tilemap.xml.TmxMap checkVersion
WARNUNG: Tiled version 1.8.4 of map "slimeroom" is greater than the supported version 1.2.x. Some features may not work.
Juni 13, 2022 1:22:57 PM de.gurkenlabs.litiengine.environment.tilemap.xml.TmxMap checkVersion
WARNUNG: Tiled version 1.8.4 of map "123" is greater than the supported version 1.2.x. Some features may not work.
Juni 13, 2022 1:22:57 PM de.gurkenlabs.litiengine.environment.tilemap.xml.TmxMap checkVersion
WARNUNG: Tiled version 1.8.4 of map "1234" is greater than the supported version 1.2.x. Some features may not work.
Juni 13, 2022 1:22:57 PM de.gurkenlabs.litiengine.environment.tilemap.xml.TmxMap checkVersion
WARNUNG: Tiled version 1.8.4 of map "Bibliothek" is greater than the supported version 1.2.x. Some features may not work.
Juni 13, 2022 1:22:57 PM de.gurkenlabs.litiengine.environment.tilemap.xml.TmxMap checkVersion
WARNUNG: Tiled version 1.8.4 of map "hi" is greater than the supported version 1.2.x. Some features may not work.
Juni 13, 2022 1:22:57 PM de.gurkenlabs.litiengine.environment.tilemap.xml.TmxMap checkVersion
WARNUNG: Tiled version 1.8.4 of map "slimeroom" is greater than the supported version 1.2.x. Some features may not work.
Juni 13, 2022 1:30:32 PM de.gurkenlabs.litiengine.environment.tilemap.xml.TmxMap checkVersion
WARNUNG: Tiled version 1.8.4 of map "123" is greater than the supported version 1.2.x. Some features may not work.
Juni 13, 2022 1:30:32 PM de.gurkenlabs.litiengine.environment.tilemap.xml.TmxMap checkVersion
WARNUNG: Tiled version 1.8.4 of map "1234" is greater than the supported version 1.2.x. Some features may not work.
Juni 13, 2022 1:30:32 PM de.gurkenlabs.litiengine.environment.tilemap.xml.TmxMap checkVersion
WARNUNG: Tiled version 1.8.4 of map "Bibliothek" is greater than the supported version 1.2.x. Some features may not work.
Juni 13, 2022 1:30:32 PM de.gurkenlabs.litiengine.environment.tilemap.xml.TmxMap checkVersion
WARNUNG: Tiled version 1.8.4 of map "hi" is greater than the supported version 1.2.x. Some features may not work.
Juni 13, 2022 1:30:32 PM de.gurkenlabs.litiengine.environment.tilemap.xml.TmxMap checkVersion
WARNUNG: Tiled version 1.8.4 of map "slimeroom" is greater than the supported version 1.2.x. Some features may not work.
Juni 13, 2022 1:40:04 PM de.gurkenlabs.litiengine.environment.tilemap.xml.TmxMap checkVersion
WARNUNG: Tiled version 1.8.4 of map "123" is greater than the supported version 1.2.x. Some features may not work.
Juni 13, 2022 1:40:04 PM de.gurkenlabs.litiengine.environment.tilemap.xml.TmxMap checkVersion
WARNUNG: Tiled version 1.8.4 of map "1234" is greater than the supported version 1.2.x. Some features may not work.
Juni 13, 2022 1:40:04 PM de.gurkenlabs.litiengine.environment.tilemap.xml.TmxMap checkVersion
WARNUNG: Tiled version 1.8.4 of map "Bibliothek" is greater than the supported version 1.2.x. Some features may not work.
Juni 13, 2022 1:40:04 PM de.gurkenlabs.litiengine.environment.tilemap.xml.TmxMap checkVersion
WARNUNG: Tiled version 1.8.4 of map "hi" is greater than the supported version 1.2.x. Some features may not work.
Juni 13, 2022 1:40:04 PM de.gurkenlabs.litiengine.environment.tilemap.xml.TmxMap checkVersion
WARNUNG: Tiled version 1.8.4 of map "slimeroom" is greater than the supported version 1.2.x. Some features may not work.
Juni 13, 2022 2:06:49 PM de.gurkenlabs.litiengine.environment.tilemap.xml.TmxMap checkVersion
WARNUNG: Tiled version 1.8.4 of map "123" is greater than the supported version 1.2.x. Some features may not work.
Juni 13, 2022 2:06:49 PM de.gurkenlabs.litiengine.environment.tilemap.xml.TmxMap checkVersion
WARNUNG: Tiled version 1.8.4 of map "1234" is greater than the supported version 1.2.x. Some features may not work.
Juni 13, 2022 2:06:49 PM de.gurkenlabs.litiengine.environment.tilemap.xml.TmxMap checkVersion
WARNUNG: Tiled version 1.8.4 of map "Bibliothek" is greater than the supported version 1.2.x. Some features may not work.
Juni 13, 2022 2:06:49 PM de.gurkenlabs.litiengine.environment.tilemap.xml.TmxMap checkVersion
WARNUNG: Tiled version 1.8.4 of map "hi" is greater than the supported version 1.2.x. Some features may not work.
Juni 13, 2022 2:06:49 PM de.gurkenlabs.litiengine.environment.tilemap.xml.TmxMap checkVersion
WARNUNG: Tiled version 1.8.4 of map "slimeroom" is greater than the supported version 1.2.x. Some features may not work.
Juni 13, 2022 2:08:13 PM de.gurkenlabs.litiengine.environment.tilemap.xml.TmxMap checkVersion
WARNUNG: Tiled version 1.8.4 of map "123" is greater than the supported version 1.2.x. Some features may not work.
Juni 13, 2022 2:08:13 PM de.gurkenlabs.litiengine.environment.tilemap.xml.TmxMap checkVersion
WARNUNG: Tiled version 1.8.4 of map "1234" is greater than the supported version 1.2.x. Some features may not work.
Juni 13, 2022 2:08:13 PM de.gurkenlabs.litiengine.environment.tilemap.xml.TmxMap checkVersion
WARNUNG: Tiled version 1.8.4 of map "Bibliothek" is greater than the supported version 1.2.x. Some features may not work.
Juni 13, 2022 2:08:13 PM de.gurkenlabs.litiengine.environment.tilemap.xml.TmxMap checkVersion
WARNUNG: Tiled version 1.8.4 of map "hi" is greater than the supported version 1.2.x. Some features may not work.
Juni 13, 2022 2:08:13 PM de.gurkenlabs.litiengine.environment.tilemap.xml.TmxMap checkVersion
WARNUNG: Tiled version 1.8.4 of map "slimeroom" is greater than the supported version 1.2.x. Some features may not work.
